<?xml version="1.0" encoding="UTF-8"?>
<testsuite name="com.example.rentfage.domain.validation.ValidatorsTest" tests="12" skipped="0" failures="0" errors="0" timestamp="2025-11-23T03:10:47.847Z" hostname="FRAN" time="3.096">
  <properties/>
  <testcase name="validateStrongPassword_sin_simbolo_devuelve_error" classname="com.example.rentfage.domain.validation.ValidatorsTest" time="2.861"/>
  <testcase name="validateEmail_con_email_invalido_devuelve_mensaje_correcto" classname="com.example.rentfage.domain.validation.ValidatorsTest" time="0.025"/>
  <testcase name="validateNameLettersOnly_con_numeros_devuelve_error" classname="com.example.rentfage.domain.validation.ValidatorsTest" time="0.021"/>
  <testcase name="validateStrongPassword_corta_devuelve_error" classname="com.example.rentfage.domain.validation.ValidatorsTest" time="0.018"/>
  <testcase name="validatePhoneDigitsOnly_muy_corto_devuelve_error" classname="com.example.rentfage.domain.validation.ValidatorsTest" time="0.029"/>
  <testcase name="validateStrongPassword_sin_mayuscula_devuelve_error" classname="com.example.rentfage.domain.validation.ValidatorsTest" time="0.021"/>
  <testcase name="validateConfirm_devuelve_error_si_no_coinciden" classname="com.example.rentfage.domain.validation.ValidatorsTest" time="0.02"/>
  <testcase name="validateNameLettersOnly_con_nombre_valido_devuelve_null" classname="com.example.rentfage.domain.validation.ValidatorsTest" time="0.021"/>
  <testcase name="validatePhoneDigitsOnly_con_letras_devuelve_error" classname="com.example.rentfage.domain.validation.ValidatorsTest" time="0.019"/>
  <testcase name="validateStrongPassword_sin_numero_devuelve_error" classname="com.example.rentfage.domain.validation.ValidatorsTest" time="0.019"/>
  <testcase name="validateStrongPassword_valida_devuelve_null" classname="com.example.rentfage.domain.validation.ValidatorsTest" time="0.018"/>
  <testcase name="validateEmail_con_email_valido_devuelve_null" classname="com.example.rentfage.domain.validation.ValidatorsTest" time="0.018"/>
  <system-out><![CDATA[WARNING: No manifest file found at .\AndroidManifest.xml.
Falling back to the Android OS resources only.
To remove this warning, annotate your test class with @Config(manifest=Config.NONE).
If you're using Android Gradle Plugin, add testOptions.unitTests.includeAndroidResources = true to your build.gradle
]]></system-out>
  <system-err><![CDATA[]]></system-err>
</testsuite>
