<?xml version="1.0" encoding="UTF-8"?>
<testsuite name="com.example.rentfage.ui.viewmodel.AuthViewModelTest" tests="5" skipped="0" failures="0" errors="0" timestamp="2025-11-21T02:59:47.690Z" hostname="FRAN" time="4.832">
  <properties/>
  <testcase name="submitLogin_con_credenciales_correctas_cambia_estado_a_exito" classname="com.example.rentfage.ui.viewmodel.AuthViewModelTest" time="4.698"/>
  <testcase name="al_iniciar_el_formulario_login_esta_vacio" classname="com.example.rentfage.ui.viewmodel.AuthViewModelTest" time="0.041"/>
  <testcase name="al_escribir_datos_validos_se_habilita_boton_login" classname="com.example.rentfage.ui.viewmodel.AuthViewModelTest" time="0.025"/>
  <testcase name="submitLogin_con_error_muestra_mensaje" classname="com.example.rentfage.ui.viewmodel.AuthViewModelTest" time="0.038"/>
  <testcase name="al_escribir_email_invalido_aparece_error" classname="com.example.rentfage.ui.viewmodel.AuthViewModelTest" time="0.028"/>
  <system-out><![CDATA[WARNING: No manifest file found at .\AndroidManifest.xml.
Falling back to the Android OS resources only.
To remove this warning, annotate your test class with @Config(manifest=Config.NONE).
If you're using Android Gradle Plugin, add testOptions.unitTests.includeAndroidResources = true to your build.gradle
]]></system-out>
  <system-err><![CDATA[WARNING: A Java agent has been loaded dynamically (C:\Users\quint\.gradle\caches\modules-2\files-2.1\net.bytebuddy\byte-buddy-agent\1.14.17\e3c251a39dc90badaf71c83427ba46840f219d8d\byte-buddy-agent-1.14.17.jar)
WARNING: If a serviceability tool is in use, please run with -XX:+EnableDynamicAgentLoading to hide this warning
WARNING: If a serviceability tool is not in use, please run with -Djdk.instrument.traceUsage for more information
WARNING: Dynamic loading of agents will be disallowed by default in a future release
]]></system-err>
</testsuite>
