<?xml version="1.0" encoding="UTF-8"?>
<testsuite name="com.example.rentfage.data.repository.CasasRepositoryTest" tests="6" skipped="0" failures="0" errors="0" timestamp="2025-11-23T03:10:45.604Z" hostname="FRAN" time="1.741">
  <properties/>
  <testcase name="casasFavoritas_obtiene_datos_del_DAO" classname="com.example.rentfage.data.repository.CasasRepositoryTest" time="1.608"/>
  <testcase name="actualizarCasa_llama_a_DAO_actualizar" classname="com.example.rentfage.data.repository.CasasRepositoryTest" time="0.097"/>
  <testcase name="insertarCasa_llama_a_DAO_guardar" classname="com.example.rentfage.data.repository.CasasRepositoryTest" time="0.014"/>
  <testcase name="borrarCasa_llama_a_DAO_borrar" classname="com.example.rentfage.data.repository.CasasRepositoryTest" time="0.012"/>
  <testcase name="todasLasCasas_obtiene_datos_del_DAO" classname="com.example.rentfage.data.repository.CasasRepositoryTest" time="0.004"/>
  <testcase name="getById_obtiene_casa_especifica" classname="com.example.rentfage.data.repository.CasasRepositoryTest" time="0.006"/>
  <system-out><![CDATA[]]></system-out>
  <system-err><![CDATA[WARNING: A Java agent has been loaded dynamically (C:\Users\quint\.gradle\caches\modules-2\files-2.1\net.bytebuddy\byte-buddy-agent\1.14.17\e3c251a39dc90badaf71c83427ba46840f219d8d\byte-buddy-agent-1.14.17.jar)
WARNING: If a serviceability tool is in use, please run with -XX:+EnableDynamicAgentLoading to hide this warning
WARNING: If a serviceability tool is not in use, please run with -Djdk.instrument.traceUsage for more information
WARNING: Dynamic loading of agents will be disallowed by default in a future release
]]></system-err>
</testsuite>
