<?xml version="1.0" encoding="UTF-8"?>
<testsuite name="com.example.rentfage.ui.viewmodel.ResenaViewModelTest" tests="3" skipped="0" failures="0" errors="0" timestamp="2025-11-25T20:55:01.274Z" hostname="FRAN" time="4.043">
  <properties/>
  <testcase name="cargarResenaDeUsuario_muestra_la_existente_y_limpia_el_campo_nuevo" classname="com.example.rentfage.ui.viewmodel.ResenaViewModelTest" time="3.907"/>
  <testcase name="onComentarioChange_respeta_el_limite_de_300_caracteres" classname="com.example.rentfage.ui.viewmodel.ResenaViewModelTest" time="0.048"/>
  <testcase name="enviarResena_llama_al_repositorio_y_limpia_el_comentario" classname="com.example.rentfage.ui.viewmodel.ResenaViewModelTest" time="0.087"/>
  <system-out><![CDATA[WARNING: No manifest file found at .\AndroidManifest.xml.
Falling back to the Android OS resources only.
To remove this warning, annotate your test class with @Config(manifest=Config.NONE).
If you're using Android Gradle Plugin, add testOptions.unitTests.includeAndroidResources = true to your build.gradle
]]></system-out>
  <system-err><![CDATA[WARNING: A Java agent has been loaded dynamically (C:\Users\quint\.gradle\caches\modules-2\files-2.1\net.bytebuddy\byte-buddy-agent\1.14.17\e3c251a39dc90badaf71c83427ba46840f219d8d\byte-buddy-agent-1.14.17.jar)
WARNING: If a serviceability tool is in use, please run with -XX:+EnableDynamicAgentLoading to hide this warning
WARNING: If a serviceability tool is not in use, please run with -Djdk.instrument.traceUsage for more information
WARNING: Dynamic loading of agents will be disallowed by default in a future release
]]></system-err>
</testsuite>
