<?xml version="1.0" encoding="UTF-8"?>
<testsuite name="com.example.rentfage.data.repository.ResenaRepositorioTest" tests="4" skipped="0" failures="0" errors="0" timestamp="2025-11-23T03:10:47.349Z" hostname="FRAN" time="0.118">
  <properties/>
  <testcase name="obtenerResenaDeUsuario obtiene la reseña correcta del DAO" classname="com.example.rentfage.data.repository.ResenaRepositorioTest" time="0.092"/>
  <testcase name="enviarResena llama al DAO para insertar" classname="com.example.rentfage.data.repository.ResenaRepositorioTest" time="0.015"/>
  <testcase name="todasLasResenas obtiene el flow desde el DAO" classname="com.example.rentfage.data.repository.ResenaRepositorioTest" time="0.005"/>
  <testcase name="obtenerResenaDeUsuario devuelve null si el DAO no encuentra nada" classname="com.example.rentfage.data.repository.ResenaRepositorioTest" time="0.005"/>
  <system-out><![CDATA[]]></system-out>
  <system-err><![CDATA[]]></system-err>
</testsuite>
