<?xml version="1.0" encoding="UTF-8"?>
<testsuite name="com.example.rentfage.ui.viewmodel.CasasViewModelTest" tests="1" skipped="0" failures="0" errors="0" timestamp="2025-11-27T01:24:10.809Z" hostname="FRAN" time="4.442">
  <properties/>
  <testcase name="guardarcasa_existente_actualiza" classname="com.example.rentfage.ui.viewmodel.CasasViewModelTest" time="4.442"/>
  <system-out><![CDATA[WARNING: No manifest file found at .\AndroidManifest.xml.
Falling back to the Android OS resources only.
To remove this warning, annotate your test class with @Config(manifest=Config.NONE).
If you're using Android Gradle Plugin, add testOptions.unitTests.includeAndroidResources = true to your build.gradle
]]></system-out>
  <system-err><![CDATA[WARNING: A Java agent has been loaded dynamically (C:\Users\quint\.gradle\caches\modules-2\files-2.1\net.bytebuddy\byte-buddy-agent\1.14.17\e3c251a39dc90badaf71c83427ba46840f219d8d\byte-buddy-agent-1.14.17.jar)
WARNING: If a serviceability tool is in use, please run with -XX:+EnableDynamicAgentLoading to hide this warning
WARNING: If a serviceability tool is not in use, please run with -Djdk.instrument.traceUsage for more information
WARNING: Dynamic loading of agents will be disallowed by default in a future release
]]></system-err>
</testsuite>
