<?xml version="1.0" encoding="UTF-8"?>
<testsuite name="com.example.rentfage.data.repository.UserRepositoryTest" tests="9" skipped="0" failures="0" errors="0" timestamp="2025-11-25T12:46:23.932Z" hostname="FRAN" time="1.854">
  <properties/>
  <testcase name="changePassword_falla_si_password_actual_es_incorrecta" classname="com.example.rentfage.data.repository.UserRepositoryTest" time="1.65"/>
  <testcase name="login_retorna_fallo_si_password_es_incorrecta_modo_offline" classname="com.example.rentfage.data.repository.UserRepositoryTest" time="0.085"/>
  <testcase name="register_falla_si_servidor_falla" classname="com.example.rentfage.data.repository.UserRepositoryTest" time="0.064"/>
  <testcase name="updateProfile_actualiza_datos_si_usuario_existe" classname="com.example.rentfage.data.repository.UserRepositoryTest" time="0.017"/>
  <testcase name="login_retorna_fallo_si_usuario_no_existe_modo_offline" classname="com.example.rentfage.data.repository.UserRepositoryTest" time="0.007"/>
  <testcase name="login_retorna_usuario_si_credenciales_son_correctas_modo_offline" classname="com.example.rentfage.data.repository.UserRepositoryTest" time="0.006"/>
  <testcase name="changePassword_actualiza_password_si_credenciales_correctas" classname="com.example.rentfage.data.repository.UserRepositoryTest" time="0.006"/>
  <testcase name="getUserByEmail_retorna_usuario_del_DAO" classname="com.example.rentfage.data.repository.UserRepositoryTest" time="0.005"/>
  <testcase name="register_llama_al_DAO_para_insertar_usuario" classname="com.example.rentfage.data.repository.UserRepositoryTest" time="0.01"/>
  <system-out><![CDATA[]]></system-out>
  <system-err><![CDATA[WARNING: A Java agent has been loaded dynamically (C:\Users\quint\.gradle\caches\modules-2\files-2.1\net.bytebuddy\byte-buddy-agent\1.14.17\e3c251a39dc90badaf71c83427ba46840f219d8d\byte-buddy-agent-1.14.17.jar)
WARNING: If a serviceability tool is in use, please run with -XX:+EnableDynamicAgentLoading to hide this warning
WARNING: If a serviceability tool is not in use, please run with -Djdk.instrument.traceUsage for more information
WARNING: Dynamic loading of agents will be disallowed by default in a future release
]]></system-err>
</testsuite>
