<?xml version="1.0" encoding="UTF-8"?>
<testsuite name="com.example.rentfage.domain.validation.ValidatorsTest" tests="12" skipped="0" failures="0" errors="0" timestamp="2025-11-21T01:45:15.743Z" hostname="FRAN" time="3.258">
  <properties/>
  <testcase name="validateConfirm devuelve error si no coinciden" classname="com.example.rentfage.domain.validation.ValidatorsTest" time="3.002"/>
  <testcase name="validatePhoneDigitsOnly muy corto devuelve error" classname="com.example.rentfage.domain.validation.ValidatorsTest" time="0.026"/>
  <testcase name="validateEmail con email valido devuelve null (sin error)" classname="com.example.rentfage.domain.validation.ValidatorsTest" time="0.027"/>
  <testcase name="validateStrongPassword valida devuelve null" classname="com.example.rentfage.domain.validation.ValidatorsTest" time="0.023"/>
  <testcase name="validateNameLettersOnly con nombre valido devuelve null" classname="com.example.rentfage.domain.validation.ValidatorsTest" time="0.028"/>
  <testcase name="validateStrongPassword sin simbolo devuelve error" classname="com.example.rentfage.domain.validation.ValidatorsTest" time="0.024"/>
  <testcase name="validateNameLettersOnly con numeros devuelve error" classname="com.example.rentfage.domain.validation.ValidatorsTest" time="0.022"/>
  <testcase name="validateStrongPassword sin mayuscula devuelve error" classname="com.example.rentfage.domain.validation.ValidatorsTest" time="0.023"/>
  <testcase name="validateEmail con email invalido devuelve mensaje correcto" classname="com.example.rentfage.domain.validation.ValidatorsTest" time="0.02"/>
  <testcase name="validateStrongPassword corta devuelve error" classname="com.example.rentfage.domain.validation.ValidatorsTest" time="0.022"/>
  <testcase name="validatePhoneDigitsOnly con letras devuelve error" classname="com.example.rentfage.domain.validation.ValidatorsTest" time="0.02"/>
  <testcase name="validateStrongPassword sin numero devuelve error" classname="com.example.rentfage.domain.validation.ValidatorsTest" time="0.02"/>
  <system-out><![CDATA[WARNING: No manifest file found at .\AndroidManifest.xml.
Falling back to the Android OS resources only.
To remove this warning, annotate your test class with @Config(manifest=Config.NONE).
If you're using Android Gradle Plugin, add testOptions.unitTests.includeAndroidResources = true to your build.gradle
]]></system-out>
  <system-err><![CDATA[]]></system-err>
</testsuite>
