<?xml version='1.0' encoding='UTF-8' ?>
<testsuite name="com.example.rentfage.PruebasDeBaseDeDatos" tests="2" failures="0" errors="0" skipped="0" time="1.203" timestamp="2025-11-25T02:21:42" hostname="localhost">
  <properties>
    <property name="device" value="Pixel_8(AVD) - 16" />
    <property name="flavor" value="" />
    <property name="project" value=":app" />
  </properties>
  <testcase name="insertarYBorrarUsuario" classname="com.example.rentfage.PruebasDeBaseDeDatos" time="0.229" />
  <testcase name="escribirUsuarioYLeerEnLista" classname="com.example.rentfage.PruebasDeBaseDeDatos" time="0.004" />
</testsuite>